TN:
SF:src\app\app.component.html
FNF:0
FNH:0
DA:1,1
LF:1
LH:1
BRF:0
BRH:0
end_of_record
TN:
SF:src\app\app.component.ts
FN:44,(anonymous_0)
FN:50,(anonymous_1)
FN:53,(anonymous_2)
FN:56,(anonymous_3)
FN:58,(anonymous_4)
FN:64,(anonymous_5)
FN:66,(anonymous_6)
FN:71,(anonymous_7)
FN:72,(anonymous_8)
FN:75,(anonymous_9)
FN:80,(anonymous_10)
FN:86,(anonymous_11)
FNF:12
FNH:8
FNDA:5,(anonymous_0)
FNDA:6,(anonymous_1)
FNDA:0,(anonymous_2)
FNDA:6,(anonymous_3)
FNDA:6,(anonymous_4)
FNDA:1,(anonymous_5)
FNDA:0,(anonymous_6)
FNDA:1,(anonymous_7)
FNDA:1,(anonymous_8)
FNDA:0,(anonymous_9)
FNDA:0,(anonymous_10)
FNDA:1,(anonymous_11)
DA:1,1
DA:2,1
DA:3,1
DA:4,1
DA:5,1
DA:6,1
DA:7,1
DA:8,1
DA:9,1
DA:10,1
DA:11,1
DA:12,1
DA:13,1
DA:14,1
DA:15,1
DA:16,1
DA:17,1
DA:40,1
DA:41,5
DA:42,5
DA:45,5
DA:46,5
DA:47,5
DA:51,6
DA:53,6
DA:57,6
DA:59,6
DA:60,5
DA:61,5
DA:64,1
DA:65,1
DA:66,0
DA:70,1
DA:72,1
DA:73,1
DA:76,0
DA:81,0
DA:87,1
LF:38
LH:35
BRDA:59,0,0,5
BRF:1
BRH:1
end_of_record
TN:
SF:src\app\notifications\notifications-panel.component.html
FNF:0
FNH:0
DA:1,1
LF:1
LH:1
BRF:0
BRH:0
end_of_record
TN:
SF:src\app\notifications\notifications-panel.component.ts
FN:38,(anonymous_0)
FN:44,(anonymous_1)
FN:48,(anonymous_2)
FN:52,(anonymous_3)
FN:55,(anonymous_4)
FN:57,(anonymous_5)
FN:68,(anonymous_6)
FN:71,(anonymous_7)
FN:72,(anonymous_8)
FN:75,(anonymous_9)
FN:81,(anonymous_10)
FN:88,(anonymous_11)
FN:89,(anonymous_12)
FN:93,(anonymous_13)
FN:99,(anonymous_14)
FN:105,(anonymous_15)
FN:110,(anonymous_16)
FNF:17
FNH:0
FNDA:0,(anonymous_0)
FNDA:0,(anonymous_1)
FNDA:0,(anonymous_2)
FNDA:0,(anonymous_3)
FNDA:0,(anonymous_4)
FNDA:0,(anonymous_5)
FNDA:0,(anonymous_6)
FNDA:0,(anonymous_7)
FNDA:0,(anonymous_8)
FNDA:0,(anonymous_9)
FNDA:0,(anonymous_10)
FNDA:0,(anonymous_11)
FNDA:0,(anonymous_12)
FNDA:0,(anonymous_13)
FNDA:0,(anonymous_14)
FNDA:0,(anonymous_15)
FNDA:0,(anonymous_16)
DA:1,1
DA:2,1
DA:3,1
DA:4,1
DA:5,1
DA:6,1
DA:7,1
DA:8,1
DA:9,1
DA:10,1
DA:11,1
DA:12,1
DA:13,1
DA:14,1
DA:33,1
DA:34,0
DA:35,0
DA:36,0
DA:39,0
DA:40,0
DA:41,0
DA:45,0
DA:49,0
DA:51,0
DA:53,0
DA:55,0
DA:56,0
DA:57,0
DA:61,0
DA:62,0
DA:63,0
DA:64,0
DA:67,0
DA:69,0
DA:71,0
DA:72,0
DA:73,0
DA:76,0
DA:77,0
DA:82,0
DA:83,0
DA:89,0
DA:90,0
DA:94,0
DA:95,0
DA:96,0
DA:100,0
DA:101,0
DA:102,0
DA:106,0
DA:111,0
LF:51
LH:15
BRDA:61,0,0,0
BRDA:90,1,0,0
BRDA:90,1,1,0
BRDA:94,2,0,0
BRDA:95,3,0,0
BRDA:100,4,0,0
BRDA:101,5,0,0
BRF:7
BRH:0
end_of_record
TN:
SF:src\app\services\alerts.service.ts
FN:24,(anonymous_0)
FN:26,(anonymous_1)
FN:60,(anonymous_2)
FNF:3
FNH:3
FNDA:7,(anonymous_0)
FNDA:5,(anonymous_1)
FNDA:1,(anonymous_2)
DA:1,2
DA:2,2
DA:21,2
DA:22,7
DA:24,7
DA:35,5
DA:36,5
DA:37,2
DA:39,5
DA:40,2
DA:42,5
DA:43,2
DA:45,5
DA:46,2
DA:48,5
DA:49,1
DA:51,5
DA:52,1
DA:54,5
DA:61,1
LF:20
LH:20
BRDA:36,0,0,2
BRDA:39,1,0,2
BRDA:42,2,0,2
BRDA:45,3,0,2
BRDA:48,4,0,1
BRDA:51,5,0,1
BRF:6
BRH:6
end_of_record
TN:
SF:src\app\services\baseline.service.ts
FN:30,(anonymous_0)
FN:32,(anonymous_1)
FN:41,(anonymous_2)
FNF:3
FNH:3
FNDA:5,(anonymous_0)
FNDA:2,(anonymous_1)
FNDA:2,(anonymous_2)
DA:1,1
DA:2,1
DA:27,1
DA:28,5
DA:30,5
DA:33,2
DA:34,2
DA:35,2
DA:42,2
LF:9
LH:9
BRF:0
BRH:0
end_of_record
TN:
SF:src\app\services\incoming.service.ts
FN:17,(anonymous_0)
FN:19,(anonymous_1)
FNF:2
FNH:2
FNDA:4,(anonymous_0)
FNDA:3,(anonymous_1)
DA:1,1
DA:2,1
DA:14,1
DA:15,4
DA:17,4
DA:20,3
DA:21,3
DA:22,3
LF:8
LH:8
BRF:0
BRH:0
end_of_record
TN:
SF:src\app\services\notification.service.ts
FN:12,(anonymous_0)
FN:14,(anonymous_1)
FN:25,(anonymous_2)
FN:29,(anonymous_3)
FN:33,(anonymous_4)
FN:37,(anonymous_5)
FNF:6
FNH:6
FNDA:7,(anonymous_0)
FNDA:6,(anonymous_1)
FNDA:1,(anonymous_2)
FNDA:1,(anonymous_3)
FNDA:1,(anonymous_4)
FNDA:1,(anonymous_5)
DA:1,1
DA:2,1
DA:9,1
DA:10,7
DA:12,7
DA:15,6
DA:22,6
DA:26,1
DA:30,1
DA:34,1
DA:38,1
LF:11
LH:11
BRDA:14,0,0,1
BRDA:16,1,0,6
BRDA:16,1,1,5
BRF:3
BRH:3
end_of_record
TN:
SF:src\app\services\projects.service.ts
FN:17,(anonymous_0)
FN:19,(anonymous_1)
FN:23,(anonymous_2)
FN:27,(anonymous_3)
FNF:4
FNH:4
FNDA:4,(anonymous_0)
FNDA:1,(anonymous_1)
FNDA:1,(anonymous_2)
FNDA:1,(anonymous_3)
DA:1,2
DA:2,2
DA:14,2
DA:15,4
DA:17,4
DA:20,1
DA:24,1
DA:28,1
LF:8
LH:8
BRF:0
BRH:0
end_of_record
